<?xml version="1.0" encoding="UTF-8"?>
<testsuite xmlns:xsi="http://www.w3.org/2001/XMLSchema-instance" xsi:noNamespaceSchemaLocation="https://maven.apache.org/surefire/maven-surefire-plugin/xsd/surefire-test-report.xsd" version="3.0.2" name="com.game.table.TableTest" time="0.541" tests="11" errors="0" skipped="0" failures="0">
  <properties>
[...]
</properties>
  <testcase name="repeatedCompSlice" classname="com.game.table.TableTest" time="0.024"/>
  <testcase name="repeatedEffectIndex" classname="com.game.table.TableTest" time="0.003"/>
  <testcase name="buffSubBuffIndex" classname="com.game.table.TableTest" time="0.002"/>
  <testcase name="buffCompStringField" classname="com.game.table.TableTest" time="0.003"/>
  <testcase name="multiKeyGetByUint32Key" classname="com.game.table.TableTest" time="0.002"/>
  <testcase name="reloadTables" classname="com.game.table.TableTest" time="0.027"/>
  <testcase name="multiKeyGetByStringKey" classname="com.game.table.TableTest" time="0.001"/>
  <testcase name="loadBuffTable" classname="com.game.table.TableTest" time="0.009">
    <system-out><![CDATA[Buff id=1 buff_type=1 level=1
Buff id=2 buff_type=1 level=1
Buff id=3 buff_type=1 level=1
Buff id=4 buff_type=1 level=1
Buff id=5 buff_type=100 level=100
Buff id=6 buff_type=100 level=100
Buff id=7 buff_type=100 level=100
Buff id=8 buff_type=100 level=100
Buff id=9 buff_type=100 level=100
Buff id=10 buff_type=100 level=100
Buff id=11 buff_type=100 level=100
Buff id=12 buff_type=100 level=100
Buff id=13 buff_type=1 level=100
Buff id=14 buff_type=35 level=100
Buff id=15 buff_type=34 level=100
Buff id=16 buff_type=13 level=100
Buff id=17 buff_type=42 level=100
Buff id=18 buff_type=43 level=100
Buff id=19 buff_type=36 level=100
Buff id=20 buff_type=36 level=100
]]></system-out>
  </testcase>
  <testcase name="multiKeyGetByInt32Key" classname="com.game.table.TableTest" time="0.002"/>
  <testcase name="scalarCompFromRow" classname="com.game.table.TableTest" time="0.012"/>
  <testcase name="loadTestMultiKeyTable" classname="com.game.table.TableTest" time="0.001"/>
</testsuite>